This file contains any messages produced by compilers while
running configure, to aid debugging if configure makes a mistake.

It was created by SquidClamav configure 6.16, which was
generated by GNU Autoconf 2.68.  Invocation command line was

  $ ./configure --with-c-icap=/usr

## --------- ##
## Platform. ##
## --------- ##

hostname = uplink-1a4d63859cf4bfb092223629123d8b49785c1156
uname -m = x86_64
uname -r = 4.4.0-112-generic
uname -s = Linux
uname -v = #135-Ubuntu SMP Fri Jan 19 11:48:36 UTC 2018

/usr/bin/uname -p = unknown
/bin/uname -X     = unknown

/bin/arch              = unknown
/usr/bin/arch -k       = unknown
/usr/convex/getsysinfo = unknown
/usr/bin/hostinfo      = unknown
/bin/machine           = unknown
/usr/bin/oslevel       = unknown
/bin/universe          = unknown

PATH: /usr/local/sbin
PATH: /usr/local/bin
PATH: /usr/sbin
PATH: /usr/bin
PATH: /sbin
PATH: /bin
PATH: /snap/bin


## ----------- ##
## Core tests. ##
## ----------- ##

configure:2261: checking whether to enable maintainer-specific portions of Makefiles
configure:2270: result: no
configure:2331: checking for a BSD-compatible install
configure:2399: result: /usr/bin/install -c
configure:2410: checking whether build environment is sane
configure:2460: result: yes
configure:2601: checking for a thread-safe mkdir -p
configure:2640: result: /bin/mkdir -p
configure:2653: checking for gawk
configure:2669: found /usr/bin/gawk
configure:2680: result: gawk
configure:2691: checking whether make sets $(MAKE)
configure:2713: result: yes
configure:2842: checking for gcc
configure:2858: found /usr/bin/gcc
configure:2869: result: gcc
configure:3098: checking for C compiler version
configure:3107: gcc --version >&5
gcc (Ubuntu 5.4.0-6ubuntu1~16.04.5) 5.4.0 20160609
Copyright (C) 2015 Free Software Foundation, Inc.
This is free software; see the source for copying conditions.  There is NO
warranty; not even for MERCHANTABILITY or FITNESS FOR A PARTICULAR PURPOSE.

configure:3118: $? = 0
configure:3107: gcc -v >&5
Using built-in specs.
COLLECT_GCC=gcc
COLLECT_LTO_WRAPPER=/usr/lib/gcc/x86_64-linux-gnu/5/lto-wrapper
Target: x86_64-linux-gnu
Configured with: ../src/configure -v --with-pkgversion='Ubuntu 5.4.0-6ubuntu1~16.04.5' --with-bugurl=file:///usr/share/doc/gcc-5/README.Bugs --enable-languages=c,ada,c++,java,go,d,fortran,objc,obj-c++ --prefix=/usr --program-suffix=-5 --enable-shared --enable-linker-build-id --libexecdir=/usr/lib --without-included-gettext --enable-threads=posix --libdir=/usr/lib --enable-nls --with-sysroot=/ --enable-clocale=gnu --enable-libstdcxx-debug --enable-libstdcxx-time=yes --with-default-libstdcxx-abi=new --enable-gnu-unique-object --disable-vtable-verify --enable-libmpx --enable-plugin --with-system-zlib --disable-browser-plugin --enable-java-awt=gtk --enable-gtk-cairo --with-java-home=/usr/lib/jvm/java-1.5.0-gcj-5-amd64/jre --enable-java-home --with-jvm-root-dir=/usr/lib/jvm/java-1.5.0-gcj-5-amd64 --with-jvm-jar-dir=/usr/lib/jvm-exports/java-1.5.0-gcj-5-amd64 --with-arch-directory=amd64 --with-ecj-jar=/usr/share/java/eclipse-ecj.jar --enable-objc-gc --enable-multiarch --disable-werror --with-arch-32=i686 --with-abi=m64 --with-multilib-list=m32,m64,mx32 --enable-multilib --with-tune=generic --enable-checking=release --build=x86_64-linux-gnu --host=x86_64-linux-gnu --target=x86_64-linux-gnu
Thread model: posix
gcc version 5.4.0 20160609 (Ubuntu 5.4.0-6ubuntu1~16.04.5) 
configure:3118: $? = 0
configure:3107: gcc -V >&5
gcc: error: unrecognized command line option '-V'
gcc: fatal error: no input files
compilation terminated.
configure:3118: $? = 1
configure:3107: gcc -qversion >&5
gcc: error: unrecognized command line option '-qversion'
gcc: fatal error: no input files
compilation terminated.
configure:3118: $? = 1
configure:3138: checking whether the C compiler works
configure:3160: gcc    conftest.c  >&5
configure:3164: $? = 0
configure:3212: result: yes
configure:3215: checking for C compiler default output file name
configure:3217: result: a.out
configure:3223: checking for suffix of executables
configure:3230: gcc -o conftest    conftest.c  >&5
configure:3234: $? = 0
configure:3256: result: 
configure:3278: checking whether we are cross compiling
configure:3286: gcc -o conftest    conftest.c  >&5
configure:3290: $? = 0
configure:3297: ./conftest
configure:3301: $? = 0
configure:3316: result: no
configure:3321: checking for suffix of object files
configure:3343: gcc -c   conftest.c >&5
configure:3347: $? = 0
configure:3368: result: o
configure:3372: checking whether we are using the GNU C compiler
configure:3391: gcc -c   conftest.c >&5
configure:3391: $? = 0
configure:3400: result: yes
configure:3409: checking whether gcc accepts -g
configure:3429: gcc -c -g  conftest.c >&5
configure:3429: $? = 0
configure:3470: result: yes
configure:3487: checking for gcc option to accept ISO C89
configure:3551: gcc  -c -g -O2  conftest.c >&5
configure:3551: $? = 0
configure:3564: result: none needed
configure:3595: checking for style of include used by make
configure:3623: result: GNU
configure:3649: checking dependency style of gcc
configure:3760: result: gcc3
configure:3776: checking whether gcc and cc understand -c and -o together
configure:3807: gcc -c conftest.c -o conftest2.o >&5
configure:3811: $? = 0
configure:3817: gcc -c conftest.c -o conftest2.o >&5
configure:3821: $? = 0
configure:3832: cc -c conftest.c >&5
configure:3836: $? = 0
configure:3844: cc -c conftest.c -o conftest2.o >&5
configure:3848: $? = 0
configure:3854: cc -c conftest.c -o conftest2.o >&5
configure:3858: $? = 0
configure:3876: result: yes
configure:3907: checking how to run the C preprocessor
configure:3938: gcc -E  conftest.c
configure:3938: $? = 0
configure:3952: gcc -E  conftest.c
conftest.c:11:28: fatal error: ac_nonexistent.h: No such file or directory
compilation terminated.
configure:3952: $? = 1
configure: failed program was:
| /* confdefs.h */
| #define PACKAGE_NAME "SquidClamav"
| #define PACKAGE_TARNAME "squidclamav"
| #define PACKAGE_VERSION "6.16"
| #define PACKAGE_STRING "SquidClamav 6.16"
| #define PACKAGE_BUGREPORT "http://squidclamav.darold.net/"
| #define PACKAGE_URL ""
| #define PACKAGE "squidclamav"
| #define VERSION "6.16"
| /* end confdefs.h.  */
| #include <ac_nonexistent.h>
configure:3977: result: gcc -E
configure:3997: gcc -E  conftest.c
configure:3997: $? = 0
configure:4011: gcc -E  conftest.c
conftest.c:11:28: fatal error: ac_nonexistent.h: No such file or directory
compilation terminated.
configure:4011: $? = 1
configure: failed program was:
| /* confdefs.h */
| #define PACKAGE_NAME "SquidClamav"
| #define PACKAGE_TARNAME "squidclamav"
| #define PACKAGE_VERSION "6.16"
| #define PACKAGE_STRING "SquidClamav 6.16"
| #define PACKAGE_BUGREPORT "http://squidclamav.darold.net/"
| #define PACKAGE_URL ""
| #define PACKAGE "squidclamav"
| #define VERSION "6.16"
| /* end confdefs.h.  */
| #include <ac_nonexistent.h>
configure:4040: checking for grep that handles long lines and -e
configure:4098: result: /bin/grep
configure:4103: checking for egrep
configure:4165: result: /bin/grep -E
configure:4170: checking for ANSI C header files
configure:4190: gcc -c -g -O2  conftest.c >&5
configure:4190: $? = 0
configure:4263: gcc -o conftest -g -O2   conftest.c  >&5
configure:4263: $? = 0
configure:4263: ./conftest
configure:4263: $? = 0
configure:4274: result: yes
configure:4287: checking for sys/types.h
configure:4287: gcc -c -g -O2  conftest.c >&5
configure:4287: $? = 0
configure:4287: result: yes
configure:4287: checking for sys/stat.h
configure:4287: gcc -c -g -O2  conftest.c >&5
configure:4287: $? = 0
configure:4287: result: yes
configure:4287: checking for stdlib.h
configure:4287: gcc -c -g -O2  conftest.c >&5
configure:4287: $? = 0
configure:4287: result: yes
configure:4287: checking for string.h
configure:4287: gcc -c -g -O2  conftest.c >&5
configure:4287: $? = 0
configure:4287: result: yes
configure:4287: checking for memory.h
configure:4287: gcc -c -g -O2  conftest.c >&5
configure:4287: $? = 0
configure:4287: result: yes
configure:4287: checking for strings.h
configure:4287: gcc -c -g -O2  conftest.c >&5
configure:4287: $? = 0
configure:4287: result: yes
configure:4287: checking for inttypes.h
configure:4287: gcc -c -g -O2  conftest.c >&5
configure:4287: $? = 0
configure:4287: result: yes
configure:4287: checking for stdint.h
configure:4287: gcc -c -g -O2  conftest.c >&5
configure:4287: $? = 0
configure:4287: result: yes
configure:4287: checking for unistd.h
configure:4287: gcc -c -g -O2  conftest.c >&5
configure:4287: $? = 0
configure:4287: result: yes
configure:4299: checking whether byte ordering is bigendian
configure:4314: gcc -c -g -O2  conftest.c >&5
conftest.c:22:9: error: unknown type name 'not'
         not a universal capable compiler
         ^
conftest.c:22:15: error: expected '=', ',', ';', 'asm' or '__attribute__' before 'universal'
         not a universal capable compiler
               ^
conftest.c:22:15: error: unknown type name 'universal'
configure:4314: $? = 1
configure: failed program was:
| /* confdefs.h */
| #define PACKAGE_NAME "SquidClamav"
| #define PACKAGE_TARNAME "squidclamav"
| #define PACKAGE_VERSION "6.16"
| #define PACKAGE_STRING "SquidClamav 6.16"
| #define PACKAGE_BUGREPORT "http://squidclamav.darold.net/"
| #define PACKAGE_URL ""
| #define PACKAGE "squidclamav"
| #define VERSION "6.16"
| #define STDC_HEADERS 1
| #define HAVE_SYS_TYPES_H 1
| #define HAVE_SYS_STAT_H 1
| #define HAVE_STDLIB_H 1
| #define HAVE_STRING_H 1
| #define HAVE_MEMORY_H 1
| #define HAVE_STRINGS_H 1
| #define HAVE_INTTYPES_H 1
| #define HAVE_STDINT_H 1
| #define HAVE_UNISTD_H 1
| /* end confdefs.h.  */
| #ifndef __APPLE_CC__
| 	       not a universal capable compiler
| 	     #endif
| 	     typedef int dummy;
| 
configure:4359: gcc -c -g -O2  conftest.c >&5
configure:4359: $? = 0
configure:4377: gcc -c -g -O2  conftest.c >&5
conftest.c: In function 'main':
conftest.c:28:4: error: unknown type name 'not'
    not big endian
    ^
conftest.c:28:12: error: expected '=', ',', ';', 'asm' or '__attribute__' before 'endian'
    not big endian
            ^
configure:4377: $? = 1
configure: failed program was:
| /* confdefs.h */
| #define PACKAGE_NAME "SquidClamav"
| #define PACKAGE_TARNAME "squidclamav"
| #define PACKAGE_VERSION "6.16"
| #define PACKAGE_STRING "SquidClamav 6.16"
| #define PACKAGE_BUGREPORT "http://squidclamav.darold.net/"
| #define PACKAGE_URL ""
| #define PACKAGE "squidclamav"
| #define VERSION "6.16"
| #define STDC_HEADERS 1
| #define HAVE_SYS_TYPES_H 1
| #define HAVE_SYS_STAT_H 1
| #define HAVE_STDLIB_H 1
| #define HAVE_STRING_H 1
| #define HAVE_MEMORY_H 1
| #define HAVE_STRINGS_H 1
| #define HAVE_INTTYPES_H 1
| #define HAVE_STDINT_H 1
| #define HAVE_UNISTD_H 1
| /* end confdefs.h.  */
| #include <sys/types.h>
| 		#include <sys/param.h>
| 
| int
| main ()
| {
| #if BYTE_ORDER != BIG_ENDIAN
| 		 not big endian
| 		#endif
| 
|   ;
|   return 0;
| }
configure:4505: result: no
configure:4563: checking build system type
configure:4577: result: x86_64-unknown-linux-gnu
configure:4597: checking host system type
configure:4610: result: x86_64-unknown-linux-gnu
configure:4979: checking how to print strings
configure:5006: result: printf
configure:5027: checking for a sed that does not truncate output
configure:5091: result: /bin/sed
configure:5109: checking for fgrep
configure:5171: result: /bin/grep -F
configure:5206: checking for ld used by gcc
configure:5273: result: /usr/bin/ld
configure:5280: checking if the linker (/usr/bin/ld) is GNU ld
configure:5295: result: yes
configure:5307: checking for BSD- or MS-compatible name lister (nm)
configure:5356: result: /usr/bin/nm -B
configure:5486: checking the name lister (/usr/bin/nm -B) interface
configure:5493: gcc -c -g -O2  conftest.c >&5
configure:5496: /usr/bin/nm -B "conftest.o"
configure:5499: output
0000000000000000 B some_variable
configure:5506: result: BSD nm
configure:5509: checking whether ln -s works
configure:5513: result: yes
configure:5521: checking the maximum length of command line arguments
configure:5651: result: 1572864
configure:5668: checking whether the shell understands some XSI constructs
configure:5678: result: yes
configure:5682: checking whether the shell understands "+="
configure:5688: result: yes
configure:5723: checking how to convert x86_64-unknown-linux-gnu file names to x86_64-unknown-linux-gnu format
configure:5763: result: func_convert_file_noop
configure:5770: checking how to convert x86_64-unknown-linux-gnu file names to toolchain format
configure:5790: result: func_convert_file_noop
configure:5797: checking for /usr/bin/ld option to reload object files
configure:5804: result: -r
configure:5878: checking for objdump
configure:5905: result: objdump
configure:5934: checking how to recognize dependent libraries
configure:6136: result: pass_all
configure:6221: checking for dlltool
configure:6248: result: dlltool
configure:6278: checking how to associate runtime and link libraries
configure:6305: result: printf %s\n
configure:6365: checking for ar
configure:6381: found /usr/bin/ar
configure:6392: result: ar
configure:6429: checking for archiver @FILE support
configure:6446: gcc -c -g -O2  conftest.c >&5
configure:6446: $? = 0
configure:6449: ar cru libconftest.a @conftest.lst >&5
ar: `u' modifier ignored since `D' is the default (see `U')
configure:6452: $? = 0
configure:6457: ar cru libconftest.a @conftest.lst >&5
ar: `u' modifier ignored since `D' is the default (see `U')
ar: conftest.o: No such file or directory
configure:6460: $? = 1
configure:6472: result: @
configure:6530: checking for strip
configure:6546: found /usr/bin/strip
configure:6557: result: strip
configure:6629: checking for ranlib
configure:6645: found /usr/bin/ranlib
configure:6656: result: ranlib
configure:6758: checking command to parse /usr/bin/nm -B output from gcc object
configure:6878: gcc -c -g -O2  conftest.c >&5
configure:6881: $? = 0
configure:6885: /usr/bin/nm -B conftest.o \| sed -n -e 's/^.*[ ]\([ABCDGIRSTW][ABCDGIRSTW]*\)[ ][ ]*\([_A-Za-z][_A-Za-z0-9]*\)$/\1 \2 \2/p' | sed '/ __gnu_lto/d' \> conftest.nm
configure:6888: $? = 0
configure:6954: gcc -o conftest -g -O2   conftest.c conftstm.o >&5
configure:6957: $? = 0
configure:6995: result: ok
configure:7032: checking for sysroot
configure:7062: result: no
configure:7139: gcc -c -g -O2  conftest.c >&5
configure:7142: $? = 0
configure:7318: checking for mt
configure:7334: found /bin/mt
configure:7345: result: mt
configure:7368: checking if mt is a manifest tool
configure:7374: mt '-?'
configure:7382: result: no
configure:8021: checking for dlfcn.h
configure:8021: gcc -c -g -O2  conftest.c >&5
configure:8021: $? = 0
configure:8021: result: yes
configure:8193: checking for objdir
configure:8208: result: .libs
configure:8475: checking if gcc supports -fno-rtti -fno-exceptions
configure:8493: gcc -c -g -O2  -fno-rtti -fno-exceptions conftest.c >&5
cc1: warning: command line option '-fno-rtti' is valid for C++/ObjC++ but not for C
configure:8497: $? = 0
configure:8510: result: no
configure:8837: checking for gcc option to produce PIC
configure:8844: result: -fPIC -DPIC
configure:8852: checking if gcc PIC flag -fPIC -DPIC works
configure:8870: gcc -c -g -O2  -fPIC -DPIC -DPIC conftest.c >&5
configure:8874: $? = 0
configure:8887: result: yes
configure:8916: checking if gcc static flag -static works
configure:8944: result: yes
configure:8959: checking if gcc supports -c -o file.o
configure:8980: gcc -c -g -O2  -o out/conftest2.o conftest.c >&5
configure:8984: $? = 0
configure:9006: result: yes
configure:9014: checking if gcc supports -c -o file.o
configure:9061: result: yes
configure:9094: checking whether the gcc linker (/usr/bin/ld -m elf_x86_64) supports shared libraries
configure:10251: result: yes
configure:10288: checking whether -lc should be explicitly linked in
configure:10296: gcc -c -g -O2  conftest.c >&5
configure:10299: $? = 0
configure:10314: gcc -shared  -fPIC -DPIC conftest.o  -v -Wl,-soname -Wl,conftest -o conftest 2\>\&1 \| /bin/grep  -lc  \>/dev/null 2\>\&1
configure:10317: $? = 0
configure:10331: result: no
configure:10491: checking dynamic linker characteristics
configure:11002: gcc -o conftest -g -O2   -Wl,-rpath -Wl,/foo conftest.c  >&5
configure:11002: $? = 0
configure:11236: result: GNU/Linux ld.so
configure:11343: checking how to hardcode library paths into programs
configure:11368: result: immediate
configure:11462: checking for shl_load
configure:11462: gcc -o conftest -g -O2   conftest.c  >&5
/tmp/ccKaJuTO.o: In function `main':
/zorus/build/squidclamav-6.16/conftest.c:57: undefined reference to `shl_load'
collect2: error: ld returned 1 exit status
configure:11462: $? = 1
configure: failed program was:
| /* confdefs.h */
| #define PACKAGE_NAME "SquidClamav"
| #define PACKAGE_TARNAME "squidclamav"
| #define PACKAGE_VERSION "6.16"
| #define PACKAGE_STRING "SquidClamav 6.16"
| #define PACKAGE_BUGREPORT "http://squidclamav.darold.net/"
| #define PACKAGE_URL ""
| #define PACKAGE "squidclamav"
| #define VERSION "6.16"
| #define STDC_HEADERS 1
| #define HAVE_SYS_TYPES_H 1
| #define HAVE_SYS_STAT_H 1
| #define HAVE_STDLIB_H 1
| #define HAVE_STRING_H 1
| #define HAVE_MEMORY_H 1
| #define HAVE_STRINGS_H 1
| #define HAVE_INTTYPES_H 1
| #define HAVE_STDINT_H 1
| #define HAVE_UNISTD_H 1
| #define HAVE_DLFCN_H 1
| #define LT_OBJDIR ".libs/"
| /* end confdefs.h.  */
| /* Define shl_load to an innocuous variant, in case <limits.h> declares shl_load.
|    For example, HP-UX 11i <limits.h> declares gettimeofday.  */
| #define shl_load innocuous_shl_load
| 
| /* System header to define __stub macros and hopefully few prototypes,
|     which can conflict with char shl_load (); below.
|     Prefer <limits.h> to <assert.h> if __STDC__ is defined, since
|     <limits.h> exists even on freestanding compilers.  */
| 
| #ifdef __STDC__
| # include <limits.h>
| #else
| # include <assert.h>
| #endif
| 
| #undef shl_load
| 
| /* Override any GCC internal prototype to avoid an error.
|    Use char because int might match the return type of a GCC
|    builtin and then its argument prototype would still apply.  */
| #ifdef __cplusplus
| extern "C"
| #endif
| char shl_load ();
| /* The GNU C library defines this for functions which it implements
|     to always fail with ENOSYS.  Some functions are actually named
|     something starting with __ and the normal name is an alias.  */
| #if defined __stub_shl_load || defined __stub___shl_load
| choke me
| #endif
| 
| int
| main ()
| {
| return shl_load ();
|   ;
|   return 0;
| }
configure:11462: result: no
configure:11466: checking for shl_load in -ldld
configure:11491: gcc -o conftest -g -O2   conftest.c -ldld   >&5
/usr/bin/ld: cannot find -ldld
collect2: error: ld returned 1 exit status
configure:11491: $? = 1
configure: failed program was:
| /* confdefs.h */
| #define PACKAGE_NAME "SquidClamav"
| #define PACKAGE_TARNAME "squidclamav"
| #define PACKAGE_VERSION "6.16"
| #define PACKAGE_STRING "SquidClamav 6.16"
| #define PACKAGE_BUGREPORT "http://squidclamav.darold.net/"
| #define PACKAGE_URL ""
| #define PACKAGE "squidclamav"
| #define VERSION "6.16"
| #define STDC_HEADERS 1
| #define HAVE_SYS_TYPES_H 1
| #define HAVE_SYS_STAT_H 1
| #define HAVE_STDLIB_H 1
| #define HAVE_STRING_H 1
| #define HAVE_MEMORY_H 1
| #define HAVE_STRINGS_H 1
| #define HAVE_INTTYPES_H 1
| #define HAVE_STDINT_H 1
| #define HAVE_UNISTD_H 1
| #define HAVE_DLFCN_H 1
| #define LT_OBJDIR ".libs/"
| /* end confdefs.h.  */
| 
| /* Override any GCC internal prototype to avoid an error.
|    Use char because int might match the return type of a GCC
|    builtin and then its argument prototype would still apply.  */
| #ifdef __cplusplus
| extern "C"
| #endif
| char shl_load ();
| int
| main ()
| {
| return shl_load ();
|   ;
|   return 0;
| }
configure:11500: result: no
configure:11505: checking for dlopen
configure:11505: gcc -o conftest -g -O2   conftest.c  >&5
/tmp/ccdbDaTQ.o: In function `main':
/zorus/build/squidclamav-6.16/conftest.c:57: undefined reference to `dlopen'
collect2: error: ld returned 1 exit status
configure:11505: $? = 1
configure: failed program was:
| /* confdefs.h */
| #define PACKAGE_NAME "SquidClamav"
| #define PACKAGE_TARNAME "squidclamav"
| #define PACKAGE_VERSION "6.16"
| #define PACKAGE_STRING "SquidClamav 6.16"
| #define PACKAGE_BUGREPORT "http://squidclamav.darold.net/"
| #define PACKAGE_URL ""
| #define PACKAGE "squidclamav"
| #define VERSION "6.16"
| #define STDC_HEADERS 1
| #define HAVE_SYS_TYPES_H 1
| #define HAVE_SYS_STAT_H 1
| #define HAVE_STDLIB_H 1
| #define HAVE_STRING_H 1
| #define HAVE_MEMORY_H 1
| #define HAVE_STRINGS_H 1
| #define HAVE_INTTYPES_H 1
| #define HAVE_STDINT_H 1
| #define HAVE_UNISTD_H 1
| #define HAVE_DLFCN_H 1
| #define LT_OBJDIR ".libs/"
| /* end confdefs.h.  */
| /* Define dlopen to an innocuous variant, in case <limits.h> declares dlopen.
|    For example, HP-UX 11i <limits.h> declares gettimeofday.  */
| #define dlopen innocuous_dlopen
| 
| /* System header to define __stub macros and hopefully few prototypes,
|     which can conflict with char dlopen (); below.
|     Prefer <limits.h> to <assert.h> if __STDC__ is defined, since
|     <limits.h> exists even on freestanding compilers.  */
| 
| #ifdef __STDC__
| # include <limits.h>
| #else
| # include <assert.h>
| #endif
| 
| #undef dlopen
| 
| /* Override any GCC internal prototype to avoid an error.
|    Use char because int might match the return type of a GCC
|    builtin and then its argument prototype would still apply.  */
| #ifdef __cplusplus
| extern "C"
| #endif
| char dlopen ();
| /* The GNU C library defines this for functions which it implements
|     to always fail with ENOSYS.  Some functions are actually named
|     something starting with __ and the normal name is an alias.  */
| #if defined __stub_dlopen || defined __stub___dlopen
| choke me
| #endif
| 
| int
| main ()
| {
| return dlopen ();
|   ;
|   return 0;
| }
configure:11505: result: no
configure:11509: checking for dlopen in -ldl
configure:11534: gcc -o conftest -g -O2   conftest.c -ldl   >&5
configure:11534: $? = 0
configure:11543: result: yes
configure:11662: checking whether a program can dlopen itself
configure:11742: gcc -o conftest -g -O2  -DHAVE_DLFCN_H  -Wl,--export-dynamic conftest.c -ldl  >&5
configure:11745: $? = 0
configure:11763: result: yes
configure:11768: checking whether a statically linked program can dlopen itself
configure:11848: gcc -o conftest -g -O2  -DHAVE_DLFCN_H  -Wl,--export-dynamic -static conftest.c -ldl  >&5
/tmp/ccmhtHUc.o: In function `main':
/zorus/build/squidclamav-6.16/configure:11827: warning: Using 'dlopen' in statically linked applications requires at runtime the shared libraries from the glibc version used for linking
/usr/bin/ld: dynamic STT_GNU_IFUNC symbol `strcmp' with pointer equality in `/usr/lib/gcc/x86_64-linux-gnu/5/../../../x86_64-linux-gnu/libc.a(strcmp.o)' can not be used when making an executable; recompile with -fPIE and relink with -pie
collect2: error: ld returned 1 exit status
configure:11851: $? = 1
configure:11869: result: no
configure:11908: checking whether stripping libraries is possible
configure:11913: result: yes
configure:11948: checking if libtool supports shared libraries
configure:11950: result: yes
configure:11953: checking whether to build shared libraries
configure:11974: result: yes
configure:11977: checking whether to build static libraries
configure:11981: result: no
configure:12023: checking minix/config.h usability
configure:12023: gcc -c -g -O2  conftest.c >&5
conftest.c:56:26: fatal error: minix/config.h: No such file or directory
compilation terminated.
configure:12023: $? = 1
configure: failed program was:
| /* confdefs.h */
| #define PACKAGE_NAME "SquidClamav"
| #define PACKAGE_TARNAME "squidclamav"
| #define PACKAGE_VERSION "6.16"
| #define PACKAGE_STRING "SquidClamav 6.16"
| #define PACKAGE_BUGREPORT "http://squidclamav.darold.net/"
| #define PACKAGE_URL ""
| #define PACKAGE "squidclamav"
| #define VERSION "6.16"
| #define STDC_HEADERS 1
| #define HAVE_SYS_TYPES_H 1
| #define HAVE_SYS_STAT_H 1
| #define HAVE_STDLIB_H 1
| #define HAVE_STRING_H 1
| #define HAVE_MEMORY_H 1
| #define HAVE_STRINGS_H 1
| #define HAVE_INTTYPES_H 1
| #define HAVE_STDINT_H 1
| #define HAVE_UNISTD_H 1
| #define HAVE_DLFCN_H 1
| #define LT_OBJDIR ".libs/"
| /* end confdefs.h.  */
| #include <stdio.h>
| #ifdef HAVE_SYS_TYPES_H
| # include <sys/types.h>
| #endif
| #ifdef HAVE_SYS_STAT_H
| # include <sys/stat.h>
| #endif
| #ifdef STDC_HEADERS
| # include <stdlib.h>
| # include <stddef.h>
| #else
| # ifdef HAVE_STDLIB_H
| #  include <stdlib.h>
| # endif
| #endif
| #ifdef HAVE_STRING_H
| # if !defined STDC_HEADERS && defined HAVE_MEMORY_H
| #  include <memory.h>
| # endif
| # include <string.h>
| #endif
| #ifdef HAVE_STRINGS_H
| # include <strings.h>
| #endif
| #ifdef HAVE_INTTYPES_H
| # include <inttypes.h>
| #endif
| #ifdef HAVE_STDINT_H
| # include <stdint.h>
| #endif
| #ifdef HAVE_UNISTD_H
| # include <unistd.h>
| #endif
| #include <minix/config.h>
configure:12023: result: no
configure:12023: checking minix/config.h presence
configure:12023: gcc -E  conftest.c
conftest.c:23:26: fatal error: minix/config.h: No such file or directory
compilation terminated.
configure:12023: $? = 1
configure: failed program was:
| /* confdefs.h */
| #define PACKAGE_NAME "SquidClamav"
| #define PACKAGE_TARNAME "squidclamav"
| #define PACKAGE_VERSION "6.16"
| #define PACKAGE_STRING "SquidClamav 6.16"
| #define PACKAGE_BUGREPORT "http://squidclamav.darold.net/"
| #define PACKAGE_URL ""
| #define PACKAGE "squidclamav"
| #define VERSION "6.16"
| #define STDC_HEADERS 1
| #define HAVE_SYS_TYPES_H 1
| #define HAVE_SYS_STAT_H 1
| #define HAVE_STDLIB_H 1
| #define HAVE_STRING_H 1
| #define HAVE_MEMORY_H 1
| #define HAVE_STRINGS_H 1
| #define HAVE_INTTYPES_H 1
| #define HAVE_STDINT_H 1
| #define HAVE_UNISTD_H 1
| #define HAVE_DLFCN_H 1
| #define LT_OBJDIR ".libs/"
| /* end confdefs.h.  */
| #include <minix/config.h>
configure:12023: result: no
configure:12023: checking for minix/config.h
configure:12023: result: no
configure:12044: checking whether it is safe to define __EXTENSIONS__
configure:12062: gcc -c -g -O2  conftest.c >&5
configure:12062: $? = 0
configure:12069: result: yes
configure:12165: checking if c-icap support templates
configure:12173: result: yes
configure:12181: checking if c-icap supports hasalldata or flags
configure:12193: result: no
configure:12197: checking if fds can send through unix sockets
configure:12223: gcc -c -g -O2 -Wall -fvisibility=hidden -DCI_BUILD_MODULE -D_REENTRANT -g -O2 -fstack-protector-strong -Wformat -Werror=format-security -Wall -Wall -D_FILE_OFFSET_BITS=64 -I/usr/include -I/usr/include/c_icap  conftest.c >&5
conftest.c: In function 'main':
conftest.c:38:11: warning: 'main' is normally a non-static function [-Wmain]
       int main(int argc, char **argv) {
           ^
conftest.c: In function 'main':
conftest.c:40:29: warning: variable 'cmh' set but not used [-Wunused-but-set-variable]
              struct cmsghdr cmh;
                             ^
conftest.c:39:28: warning: variable 'mh' set but not used [-Wunused-but-set-variable]
              struct msghdr mh;
                            ^
configure:12223: $? = 0
configure:12234: checking for ANSI C header files
configure:12338: result: yes
configure:12349: checking arpa/inet.h usability
configure:12349: gcc -c -g -O2 -Wall -fvisibility=hidden -DCI_BUILD_MODULE -D_REENTRANT -g -O2 -fstack-protector-strong -Wformat -Werror=format-security -Wall -Wall -D_FILE_OFFSET_BITS=64 -I/usr/include -I/usr/include/c_icap  conftest.c >&5
configure:12349: $? = 0
configure:12349: result: yes
configure:12349: checking arpa/inet.h presence
configure:12349: gcc -E  conftest.c
configure:12349: $? = 0
configure:12349: result: yes
configure:12349: checking for arpa/inet.h
configure:12349: result: yes
configure:12349: checking fcntl.h usability
configure:12349: gcc -c -g -O2 -Wall -fvisibility=hidden -DCI_BUILD_MODULE -D_REENTRANT -g -O2 -fstack-protector-strong -Wformat -Werror=format-security -Wall -Wall -D_FILE_OFFSET_BITS=64 -I/usr/include -I/usr/include/c_icap  conftest.c >&5
configure:12349: $? = 0
configure:12349: result: yes
configure:12349: checking fcntl.h presence
configure:12349: gcc -E  conftest.c
configure:12349: $? = 0
configure:12349: result: yes
configure:12349: checking for fcntl.h
configure:12349: result: yes
configure:12349: checking ctype.h usability
configure:12349: gcc -c -g -O2 -Wall -fvisibility=hidden -DCI_BUILD_MODULE -D_REENTRANT -g -O2 -fstack-protector-strong -Wformat -Werror=format-security -Wall -Wall -D_FILE_OFFSET_BITS=64 -I/usr/include -I/usr/include/c_icap  conftest.c >&5
configure:12349: $? = 0
configure:12349: result: yes
configure:12349: checking ctype.h presence
configure:12349: gcc -E  conftest.c
configure:12349: $? = 0
configure:12349: result: yes
configure:12349: checking for ctype.h
configure:12349: result: yes
configure:12349: checking netdb.h usability
configure:12349: gcc -c -g -O2 -Wall -fvisibility=hidden -DCI_BUILD_MODULE -D_REENTRANT -g -O2 -fstack-protector-strong -Wformat -Werror=format-security -Wall -Wall -D_FILE_OFFSET_BITS=64 -I/usr/include -I/usr/include/c_icap  conftest.c >&5
configure:12349: $? = 0
configure:12349: result: yes
configure:12349: checking netdb.h presence
configure:12349: gcc -E  conftest.c
configure:12349: $? = 0
configure:12349: result: yes
configure:12349: checking for netdb.h
configure:12349: result: yes
configure:12349: checking netinet/in.h usability
configure:12349: gcc -c -g -O2 -Wall -fvisibility=hidden -DCI_BUILD_MODULE -D_REENTRANT -g -O2 -fstack-protector-strong -Wformat -Werror=format-security -Wall -Wall -D_FILE_OFFSET_BITS=64 -I/usr/include -I/usr/include/c_icap  conftest.c >&5
configure:12349: $? = 0
configure:12349: result: yes
configure:12349: checking netinet/in.h presence
configure:12349: gcc -E  conftest.c
configure:12349: $? = 0
configure:12349: result: yes
configure:12349: checking for netinet/in.h
configure:12349: result: yes
configure:12349: checking for stdlib.h
configure:12349: result: yes
configure:12349: checking for string.h
configure:12349: result: yes
configure:12349: checking sys/socket.h usability
configure:12349: gcc -c -g -O2 -Wall -fvisibility=hidden -DCI_BUILD_MODULE -D_REENTRANT -g -O2 -fstack-protector-strong -Wformat -Werror=format-security -Wall -Wall -D_FILE_OFFSET_BITS=64 -I/usr/include -I/usr/include/c_icap  conftest.c >&5
configure:12349: $? = 0
configure:12349: result: yes
configure:12349: checking sys/socket.h presence
configure:12349: gcc -E  conftest.c
configure:12349: $? = 0
configure:12349: result: yes
configure:12349: checking for sys/socket.h
configure:12349: result: yes
configure:12349: checking sys/time.h usability
configure:12349: gcc -c -g -O2 -Wall -fvisibility=hidden -DCI_BUILD_MODULE -D_REENTRANT -g -O2 -fstack-protector-strong -Wformat -Werror=format-security -Wall -Wall -D_FILE_OFFSET_BITS=64 -I/usr/include -I/usr/include/c_icap  conftest.c >&5
configure:12349: $? = 0
configure:12349: result: yes
configure:12349: checking sys/time.h presence
configure:12349: gcc -E  conftest.c
configure:12349: $? = 0
configure:12349: result: yes
configure:12349: checking for sys/time.h
configure:12349: result: yes
configure:12349: checking for unistd.h
configure:12349: result: yes
configure:12349: checking regex.h usability
configure:12349: gcc -c -g -O2 -Wall -fvisibility=hidden -DCI_BUILD_MODULE -D_REENTRANT -g -O2 -fstack-protector-strong -Wformat -Werror=format-security -Wall -Wall -D_FILE_OFFSET_BITS=64 -I/usr/include -I/usr/include/c_icap  conftest.c >&5
configure:12349: $? = 0
configure:12349: result: yes
configure:12349: checking regex.h presence
configure:12349: gcc -E  conftest.c
configure:12349: $? = 0
configure:12349: result: yes
configure:12349: checking for regex.h
configure:12349: result: yes
configure:12349: checking signal.h usability
configure:12349: gcc -c -g -O2 -Wall -fvisibility=hidden -DCI_BUILD_MODULE -D_REENTRANT -g -O2 -fstack-protector-strong -Wformat -Werror=format-security -Wall -Wall -D_FILE_OFFSET_BITS=64 -I/usr/include -I/usr/include/c_icap  conftest.c >&5
configure:12349: $? = 0
configure:12349: result: yes
configure:12349: checking signal.h presence
configure:12349: gcc -E  conftest.c
configure:12349: $? = 0
configure:12349: result: yes
configure:12349: checking for signal.h
configure:12349: result: yes
configure:12361: checking for pid_t
configure:12361: gcc -c -g -O2 -Wall -fvisibility=hidden -DCI_BUILD_MODULE -D_REENTRANT -g -O2 -fstack-protector-strong -Wformat -Werror=format-security -Wall -Wall -D_FILE_OFFSET_BITS=64 -I/usr/include -I/usr/include/c_icap  conftest.c >&5
configure:12361: $? = 0
configure:12361: gcc -c -g -O2 -Wall -fvisibility=hidden -DCI_BUILD_MODULE -D_REENTRANT -g -O2 -fstack-protector-strong -Wformat -Werror=format-security -Wall -Wall -D_FILE_OFFSET_BITS=64 -I/usr/include -I/usr/include/c_icap  conftest.c >&5
conftest.c: In function 'main':
conftest.c:79:20: error: expected expression before ')' token
 if (sizeof ((pid_t)))
                    ^
configure:12361: $? = 1
configure: failed program was:
| /* confdefs.h */
| #define PACKAGE_NAME "SquidClamav"
| #define PACKAGE_TARNAME "squidclamav"
| #define PACKAGE_VERSION "6.16"
| #define PACKAGE_STRING "SquidClamav 6.16"
| #define PACKAGE_BUGREPORT "http://squidclamav.darold.net/"
| #define PACKAGE_URL ""
| #define PACKAGE "squidclamav"
| #define VERSION "6.16"
| #define STDC_HEADERS 1
| #define HAVE_SYS_TYPES_H 1
| #define HAVE_SYS_STAT_H 1
| #define HAVE_STDLIB_H 1
| #define HAVE_STRING_H 1
| #define HAVE_MEMORY_H 1
| #define HAVE_STRINGS_H 1
| #define HAVE_INTTYPES_H 1
| #define HAVE_STDINT_H 1
| #define HAVE_UNISTD_H 1
| #define HAVE_DLFCN_H 1
| #define LT_OBJDIR ".libs/"
| #define __EXTENSIONS__ 1
| #define _ALL_SOURCE 1
| #define _GNU_SOURCE 1
| #define _POSIX_PTHREAD_SEMANTICS 1
| #define _TANDEM_SOURCE 1
| #define HAVE_CICAP_TEMPLATE 1
| #define HAVE_FD_PASSING 1
| #define STDC_HEADERS 1
| #define HAVE_ARPA_INET_H 1
| #define HAVE_FCNTL_H 1
| #define HAVE_CTYPE_H 1
| #define HAVE_NETDB_H 1
| #define HAVE_NETINET_IN_H 1
| #define HAVE_STDLIB_H 1
| #define HAVE_STRING_H 1
| #define HAVE_SYS_SOCKET_H 1
| #define HAVE_SYS_TIME_H 1
| #define HAVE_UNISTD_H 1
| #define HAVE_REGEX_H 1
| #define HAVE_SIGNAL_H 1
| /* end confdefs.h.  */
| #include <stdio.h>
| #ifdef HAVE_SYS_TYPES_H
| # include <sys/types.h>
| #endif
| #ifdef HAVE_SYS_STAT_H
| # include <sys/stat.h>
| #endif
| #ifdef STDC_HEADERS
| # include <stdlib.h>
| # include <stddef.h>
| #else
| # ifdef HAVE_STDLIB_H
| #  include <stdlib.h>
| # endif
| #endif
| #ifdef HAVE_STRING_H
| # if !defined STDC_HEADERS && defined HAVE_MEMORY_H
| #  include <memory.h>
| # endif
| # include <string.h>
| #endif
| #ifdef HAVE_STRINGS_H
| # include <strings.h>
| #endif
| #ifdef HAVE_INTTYPES_H
| # include <inttypes.h>
| #endif
| #ifdef HAVE_STDINT_H
| # include <stdint.h>
| #endif
| #ifdef HAVE_UNISTD_H
| # include <unistd.h>
| #endif
| int
| main ()
| {
| if (sizeof ((pid_t)))
| 	    return 0;
|   ;
|   return 0;
| }
configure:12361: result: yes
configure:12372: checking for size_t
configure:12372: gcc -c -g -O2 -Wall -fvisibility=hidden -DCI_BUILD_MODULE -D_REENTRANT -g -O2 -fstack-protector-strong -Wformat -Werror=format-security -Wall -Wall -D_FILE_OFFSET_BITS=64 -I/usr/include -I/usr/include/c_icap  conftest.c >&5
configure:12372: $? = 0
configure:12372: gcc -c -g -O2 -Wall -fvisibility=hidden -DCI_BUILD_MODULE -D_REENTRANT -g -O2 -fstack-protector-strong -Wformat -Werror=format-security -Wall -Wall -D_FILE_OFFSET_BITS=64 -I/usr/include -I/usr/include/c_icap  conftest.c >&5
conftest.c: In function 'main':
conftest.c:79:21: error: expected expression before ')' token
 if (sizeof ((size_t)))
                     ^
configure:12372: $? = 1
configure: failed program was:
| /* confdefs.h */
| #define PACKAGE_NAME "SquidClamav"
| #define PACKAGE_TARNAME "squidclamav"
| #define PACKAGE_VERSION "6.16"
| #define PACKAGE_STRING "SquidClamav 6.16"
| #define PACKAGE_BUGREPORT "http://squidclamav.darold.net/"
| #define PACKAGE_URL ""
| #define PACKAGE "squidclamav"
| #define VERSION "6.16"
| #define STDC_HEADERS 1
| #define HAVE_SYS_TYPES_H 1
| #define HAVE_SYS_STAT_H 1
| #define HAVE_STDLIB_H 1
| #define HAVE_STRING_H 1
| #define HAVE_MEMORY_H 1
| #define HAVE_STRINGS_H 1
| #define HAVE_INTTYPES_H 1
| #define HAVE_STDINT_H 1
| #define HAVE_UNISTD_H 1
| #define HAVE_DLFCN_H 1
| #define LT_OBJDIR ".libs/"
| #define __EXTENSIONS__ 1
| #define _ALL_SOURCE 1
| #define _GNU_SOURCE 1
| #define _POSIX_PTHREAD_SEMANTICS 1
| #define _TANDEM_SOURCE 1
| #define HAVE_CICAP_TEMPLATE 1
| #define HAVE_FD_PASSING 1
| #define STDC_HEADERS 1
| #define HAVE_ARPA_INET_H 1
| #define HAVE_FCNTL_H 1
| #define HAVE_CTYPE_H 1
| #define HAVE_NETDB_H 1
| #define HAVE_NETINET_IN_H 1
| #define HAVE_STDLIB_H 1
| #define HAVE_STRING_H 1
| #define HAVE_SYS_SOCKET_H 1
| #define HAVE_SYS_TIME_H 1
| #define HAVE_UNISTD_H 1
| #define HAVE_REGEX_H 1
| #define HAVE_SIGNAL_H 1
| /* end confdefs.h.  */
| #include <stdio.h>
| #ifdef HAVE_SYS_TYPES_H
| # include <sys/types.h>
| #endif
| #ifdef HAVE_SYS_STAT_H
| # include <sys/stat.h>
| #endif
| #ifdef STDC_HEADERS
| # include <stdlib.h>
| # include <stddef.h>
| #else
| # ifdef HAVE_STDLIB_H
| #  include <stdlib.h>
| # endif
| #endif
| #ifdef HAVE_STRING_H
| # if !defined STDC_HEADERS && defined HAVE_MEMORY_H
| #  include <memory.h>
| # endif
| # include <string.h>
| #endif
| #ifdef HAVE_STRINGS_H
| # include <strings.h>
| #endif
| #ifdef HAVE_INTTYPES_H
| # include <inttypes.h>
| #endif
| #ifdef HAVE_STDINT_H
| # include <stdint.h>
| #endif
| #ifdef HAVE_UNISTD_H
| # include <unistd.h>
| #endif
| int
| main ()
| {
| if (sizeof ((size_t)))
| 	    return 0;
|   ;
|   return 0;
| }
configure:12372: result: yes
configure:12387: checking vfork.h usability
configure:12387: gcc -c -g -O2 -Wall -fvisibility=hidden -DCI_BUILD_MODULE -D_REENTRANT -g -O2 -fstack-protector-strong -Wformat -Werror=format-security -Wall -Wall -D_FILE_OFFSET_BITS=64 -I/usr/include -I/usr/include/c_icap  conftest.c >&5
conftest.c:76:19: fatal error: vfork.h: No such file or directory
compilation terminated.
configure:12387: $? = 1
configure: failed program was:
| /* confdefs.h */
| #define PACKAGE_NAME "SquidClamav"
| #define PACKAGE_TARNAME "squidclamav"
| #define PACKAGE_VERSION "6.16"
| #define PACKAGE_STRING "SquidClamav 6.16"
| #define PACKAGE_BUGREPORT "http://squidclamav.darold.net/"
| #define PACKAGE_URL ""
| #define PACKAGE "squidclamav"
| #define VERSION "6.16"
| #define STDC_HEADERS 1
| #define HAVE_SYS_TYPES_H 1
| #define HAVE_SYS_STAT_H 1
| #define HAVE_STDLIB_H 1
| #define HAVE_STRING_H 1
| #define HAVE_MEMORY_H 1
| #define HAVE_STRINGS_H 1
| #define HAVE_INTTYPES_H 1
| #define HAVE_STDINT_H 1
| #define HAVE_UNISTD_H 1
| #define HAVE_DLFCN_H 1
| #define LT_OBJDIR ".libs/"
| #define __EXTENSIONS__ 1
| #define _ALL_SOURCE 1
| #define _GNU_SOURCE 1
| #define _POSIX_PTHREAD_SEMANTICS 1
| #define _TANDEM_SOURCE 1
| #define HAVE_CICAP_TEMPLATE 1
| #define HAVE_FD_PASSING 1
| #define STDC_HEADERS 1
| #define HAVE_ARPA_INET_H 1
| #define HAVE_FCNTL_H 1
| #define HAVE_CTYPE_H 1
| #define HAVE_NETDB_H 1
| #define HAVE_NETINET_IN_H 1
| #define HAVE_STDLIB_H 1
| #define HAVE_STRING_H 1
| #define HAVE_SYS_SOCKET_H 1
| #define HAVE_SYS_TIME_H 1
| #define HAVE_UNISTD_H 1
| #define HAVE_REGEX_H 1
| #define HAVE_SIGNAL_H 1
| /* end confdefs.h.  */
| #include <stdio.h>
| #ifdef HAVE_SYS_TYPES_H
| # include <sys/types.h>
| #endif
| #ifdef HAVE_SYS_STAT_H
| # include <sys/stat.h>
| #endif
| #ifdef STDC_HEADERS
| # include <stdlib.h>
| # include <stddef.h>
| #else
| # ifdef HAVE_STDLIB_H
| #  include <stdlib.h>
| # endif
| #endif
| #ifdef HAVE_STRING_H
| # if !defined STDC_HEADERS && defined HAVE_MEMORY_H
| #  include <memory.h>
| # endif
| # include <string.h>
| #endif
| #ifdef HAVE_STRINGS_H
| # include <strings.h>
| #endif
| #ifdef HAVE_INTTYPES_H
| # include <inttypes.h>
| #endif
| #ifdef HAVE_STDINT_H
| # include <stdint.h>
| #endif
| #ifdef HAVE_UNISTD_H
| # include <unistd.h>
| #endif
| #include <vfork.h>
configure:12387: result: no
configure:12387: checking vfork.h presence
configure:12387: gcc -E  conftest.c
conftest.c:43:19: fatal error: vfork.h: No such file or directory
compilation terminated.
configure:12387: $? = 1
configure: failed program was:
| /* confdefs.h */
| #define PACKAGE_NAME "SquidClamav"
| #define PACKAGE_TARNAME "squidclamav"
| #define PACKAGE_VERSION "6.16"
| #define PACKAGE_STRING "SquidClamav 6.16"
| #define PACKAGE_BUGREPORT "http://squidclamav.darold.net/"
| #define PACKAGE_URL ""
| #define PACKAGE "squidclamav"
| #define VERSION "6.16"
| #define STDC_HEADERS 1
| #define HAVE_SYS_TYPES_H 1
| #define HAVE_SYS_STAT_H 1
| #define HAVE_STDLIB_H 1
| #define HAVE_STRING_H 1
| #define HAVE_MEMORY_H 1
| #define HAVE_STRINGS_H 1
| #define HAVE_INTTYPES_H 1
| #define HAVE_STDINT_H 1
| #define HAVE_UNISTD_H 1
| #define HAVE_DLFCN_H 1
| #define LT_OBJDIR ".libs/"
| #define __EXTENSIONS__ 1
| #define _ALL_SOURCE 1
| #define _GNU_SOURCE 1
| #define _POSIX_PTHREAD_SEMANTICS 1
| #define _TANDEM_SOURCE 1
| #define HAVE_CICAP_TEMPLATE 1
| #define HAVE_FD_PASSING 1
| #define STDC_HEADERS 1
| #define HAVE_ARPA_INET_H 1
| #define HAVE_FCNTL_H 1
| #define HAVE_CTYPE_H 1
| #define HAVE_NETDB_H 1
| #define HAVE_NETINET_IN_H 1
| #define HAVE_STDLIB_H 1
| #define HAVE_STRING_H 1
| #define HAVE_SYS_SOCKET_H 1
| #define HAVE_SYS_TIME_H 1
| #define HAVE_UNISTD_H 1
| #define HAVE_REGEX_H 1
| #define HAVE_SIGNAL_H 1
| /* end confdefs.h.  */
| #include <vfork.h>
configure:12387: result: no
configure:12387: checking for vfork.h
configure:12387: result: no
configure:12400: checking for fork
configure:12400: gcc -o conftest -g -O2 -Wall -fvisibility=hidden -DCI_BUILD_MODULE -D_REENTRANT -g -O2 -fstack-protector-strong -Wformat -Werror=format-security -Wall -Wall -D_FILE_OFFSET_BITS=64 -I/usr/include -I/usr/include/c_icap   conftest.c  >&5
conftest.c:66:6: warning: conflicting types for built-in function 'fork'
 char fork ();
      ^
configure:12400: $? = 0
configure:12400: result: yes
configure:12400: checking for vfork
configure:12400: gcc -o conftest -g -O2 -Wall -fvisibility=hidden -DCI_BUILD_MODULE -D_REENTRANT -g -O2 -fstack-protector-strong -Wformat -Werror=format-security -Wall -Wall -D_FILE_OFFSET_BITS=64 -I/usr/include -I/usr/include/c_icap   conftest.c  >&5
configure:12400: $? = 0
configure:12400: result: yes
configure:12410: checking for working fork
configure:12432: gcc -o conftest -g -O2 -Wall -fvisibility=hidden -DCI_BUILD_MODULE -D_REENTRANT -g -O2 -fstack-protector-strong -Wformat -Werror=format-security -Wall -Wall -D_FILE_OFFSET_BITS=64 -I/usr/include -I/usr/include/c_icap   conftest.c  >&5
configure:12432: $? = 0
configure:12432: ./conftest
configure:12432: $? = 0
configure:12442: result: yes
configure:12463: checking for working vfork
configure:12573: result: yes
configure:12598: checking whether lstat correctly handles trailing slash
configure:12624: gcc -o conftest -g -O2 -Wall -fvisibility=hidden -DCI_BUILD_MODULE -D_REENTRANT -g -O2 -fstack-protector-strong -Wformat -Werror=format-security -Wall -Wall -D_FILE_OFFSET_BITS=64 -I/usr/include -I/usr/include/c_icap   conftest.c  >&5
configure:12624: $? = 0
configure:12624: ./conftest
configure:12624: $? = 0
configure:12641: result: yes
configure:12662: checking for stdlib.h
configure:12662: result: yes
configure:12672: checking for GNU libc compatible malloc
configure:12696: gcc -o conftest -g -O2 -Wall -fvisibility=hidden -DCI_BUILD_MODULE -D_REENTRANT -g -O2 -fstack-protector-strong -Wformat -Werror=format-security -Wall -Wall -D_FILE_OFFSET_BITS=64 -I/usr/include -I/usr/include/c_icap   conftest.c  >&5
configure:12696: $? = 0
configure:12696: ./conftest
configure:12696: $? = 0
configure:12706: result: yes
configure:12729: checking for stdlib.h
configure:12729: result: yes
configure:12739: checking for GNU libc compatible realloc
configure:12763: gcc -o conftest -g -O2 -Wall -fvisibility=hidden -DCI_BUILD_MODULE -D_REENTRANT -g -O2 -fstack-protector-strong -Wformat -Werror=format-security -Wall -Wall -D_FILE_OFFSET_BITS=64 -I/usr/include -I/usr/include/c_icap   conftest.c  >&5
configure:12763: $? = 0
configure:12763: ./conftest
configure:12763: $? = 0
configure:12773: result: yes
configure:12797: checking for dup2
configure:12797: gcc -o conftest -g -O2 -Wall -fvisibility=hidden -DCI_BUILD_MODULE -D_REENTRANT -g -O2 -fstack-protector-strong -Wformat -Werror=format-security -Wall -Wall -D_FILE_OFFSET_BITS=64 -I/usr/include -I/usr/include/c_icap   conftest.c  >&5
configure:12797: $? = 0
configure:12797: result: yes
configure:12797: checking for gettimeofday
configure:12797: gcc -o conftest -g -O2 -Wall -fvisibility=hidden -DCI_BUILD_MODULE -D_REENTRANT -g -O2 -fstack-protector-strong -Wformat -Werror=format-security -Wall -Wall -D_FILE_OFFSET_BITS=64 -I/usr/include -I/usr/include/c_icap   conftest.c  >&5
configure:12797: $? = 0
configure:12797: result: yes
configure:12797: checking for memchr
configure:12797: gcc -o conftest -g -O2 -Wall -fvisibility=hidden -DCI_BUILD_MODULE -D_REENTRANT -g -O2 -fstack-protector-strong -Wformat -Werror=format-security -Wall -Wall -D_FILE_OFFSET_BITS=64 -I/usr/include -I/usr/include/c_icap   conftest.c  >&5
conftest.c:77:6: warning: conflicting types for built-in function 'memchr'
 char memchr ();
      ^
configure:12797: $? = 0
configure:12797: result: yes
configure:12797: checking for memset
configure:12797: gcc -o conftest -g -O2 -Wall -fvisibility=hidden -DCI_BUILD_MODULE -D_REENTRANT -g -O2 -fstack-protector-strong -Wformat -Werror=format-security -Wall -Wall -D_FILE_OFFSET_BITS=64 -I/usr/include -I/usr/include/c_icap   conftest.c  >&5
conftest.c:78:6: warning: conflicting types for built-in function 'memset'
 char memset ();
      ^
configure:12797: $? = 0
configure:12797: result: yes
configure:12797: checking for regcomp
configure:12797: gcc -o conftest -g -O2 -Wall -fvisibility=hidden -DCI_BUILD_MODULE -D_REENTRANT -g -O2 -fstack-protector-strong -Wformat -Werror=format-security -Wall -Wall -D_FILE_OFFSET_BITS=64 -I/usr/include -I/usr/include/c_icap   conftest.c  >&5
configure:12797: $? = 0
configure:12797: result: yes
configure:12797: checking for regexec
configure:12797: gcc -o conftest -g -O2 -Wall -fvisibility=hidden -DCI_BUILD_MODULE -D_REENTRANT -g -O2 -fstack-protector-strong -Wformat -Werror=format-security -Wall -Wall -D_FILE_OFFSET_BITS=64 -I/usr/include -I/usr/include/c_icap   conftest.c  >&5
configure:12797: $? = 0
configure:12797: result: yes
configure:12797: checking for regfree
configure:12797: gcc -o conftest -g -O2 -Wall -fvisibility=hidden -DCI_BUILD_MODULE -D_REENTRANT -g -O2 -fstack-protector-strong -Wformat -Werror=format-security -Wall -Wall -D_FILE_OFFSET_BITS=64 -I/usr/include -I/usr/include/c_icap   conftest.c  >&5
configure:12797: $? = 0
configure:12797: result: yes
configure:12797: checking for socket
configure:12797: gcc -o conftest -g -O2 -Wall -fvisibility=hidden -DCI_BUILD_MODULE -D_REENTRANT -g -O2 -fstack-protector-strong -Wformat -Werror=format-security -Wall -Wall -D_FILE_OFFSET_BITS=64 -I/usr/include -I/usr/include/c_icap   conftest.c  >&5
configure:12797: $? = 0
configure:12797: result: yes
configure:12797: checking for strdup
configure:12797: gcc -o conftest -g -O2 -Wall -fvisibility=hidden -DCI_BUILD_MODULE -D_REENTRANT -g -O2 -fstack-protector-strong -Wformat -Werror=format-security -Wall -Wall -D_FILE_OFFSET_BITS=64 -I/usr/include -I/usr/include/c_icap   conftest.c  >&5
conftest.c:83:6: warning: conflicting types for built-in function 'strdup'
 char strdup ();
      ^
configure:12797: $? = 0
configure:12797: result: yes
configure:12797: checking for strerror
configure:12797: gcc -o conftest -g -O2 -Wall -fvisibility=hidden -DCI_BUILD_MODULE -D_REENTRANT -g -O2 -fstack-protector-strong -Wformat -Werror=format-security -Wall -Wall -D_FILE_OFFSET_BITS=64 -I/usr/include -I/usr/include/c_icap   conftest.c  >&5
configure:12797: $? = 0
configure:12797: result: yes
configure:12797: checking for strspn
configure:12797: gcc -o conftest -g -O2 -Wall -fvisibility=hidden -DCI_BUILD_MODULE -D_REENTRANT -g -O2 -fstack-protector-strong -Wformat -Werror=format-security -Wall -Wall -D_FILE_OFFSET_BITS=64 -I/usr/include -I/usr/include/c_icap   conftest.c  >&5
conftest.c:85:6: warning: conflicting types for built-in function 'strspn'
 char strspn ();
      ^
configure:12797: $? = 0
configure:12797: result: yes
configure:12797: checking for strstr
configure:12797: gcc -o conftest -g -O2 -Wall -fvisibility=hidden -DCI_BUILD_MODULE -D_REENTRANT -g -O2 -fstack-protector-strong -Wformat -Werror=format-security -Wall -Wall -D_FILE_OFFSET_BITS=64 -I/usr/include -I/usr/include/c_icap   conftest.c  >&5
conftest.c:86:6: warning: conflicting types for built-in function 'strstr'
 char strstr ();
      ^
configure:12797: $? = 0
configure:12797: result: yes
configure:13006: creating ./config.status

## ---------------------- ##
## Running config.status. ##
## ---------------------- ##

This file was extended by SquidClamav config.status 6.16, which was
generated by GNU Autoconf 2.68.  Invocation command line was

  CONFIG_FILES    = 
  CONFIG_HEADERS  = 
  CONFIG_LINKS    = 
  CONFIG_COMMANDS = 
  $ ./config.status 

on uplink-1a4d63859cf4bfb092223629123d8b49785c1156

config.status:1157: creating Makefile
config.status:1157: creating src/Makefile
config.status:1157: creating etc/Makefile
config.status:1157: creating config.h
config.status:1338: config.h is unchanged
config.status:1386: executing depfiles commands
config.status:1386: executing libtool commands

## ---------------- ##
## Cache variables. ##
## ---------------- ##

ac_cv_build=x86_64-unknown-linux-gnu
ac_cv_c_bigendian=no
ac_cv_c_compiler_gnu=yes
ac_cv_env_CC_set=
ac_cv_env_CC_value=
ac_cv_env_CFLAGS_set=
ac_cv_env_CFLAGS_value=
ac_cv_env_CPPFLAGS_set=
ac_cv_env_CPPFLAGS_value=
ac_cv_env_CPP_set=
ac_cv_env_CPP_value=
ac_cv_env_LDFLAGS_set=
ac_cv_env_LDFLAGS_value=
ac_cv_env_LIBS_set=
ac_cv_env_LIBS_value=
ac_cv_env_build_alias_set=
ac_cv_env_build_alias_value=
ac_cv_env_host_alias_set=
ac_cv_env_host_alias_value=
ac_cv_env_target_alias_set=
ac_cv_env_target_alias_value=
ac_cv_func_dlopen=no
ac_cv_func_dup2=yes
ac_cv_func_fork=yes
ac_cv_func_fork_works=yes
ac_cv_func_gettimeofday=yes
ac_cv_func_lstat_dereferences_slashed_symlink=yes
ac_cv_func_malloc_0_nonnull=yes
ac_cv_func_memchr=yes
ac_cv_func_memset=yes
ac_cv_func_realloc_0_nonnull=yes
ac_cv_func_regcomp=yes
ac_cv_func_regexec=yes
ac_cv_func_regfree=yes
ac_cv_func_shl_load=no
ac_cv_func_socket=yes
ac_cv_func_strdup=yes
ac_cv_func_strerror=yes
ac_cv_func_strspn=yes
ac_cv_func_strstr=yes
ac_cv_func_vfork=yes
ac_cv_func_vfork_works=yes
ac_cv_header_arpa_inet_h=yes
ac_cv_header_ctype_h=yes
ac_cv_header_dlfcn_h=yes
ac_cv_header_fcntl_h=yes
ac_cv_header_inttypes_h=yes
ac_cv_header_memory_h=yes
ac_cv_header_minix_config_h=no
ac_cv_header_netdb_h=yes
ac_cv_header_netinet_in_h=yes
ac_cv_header_regex_h=yes
ac_cv_header_signal_h=yes
ac_cv_header_stdc=yes
ac_cv_header_stdint_h=yes
ac_cv_header_stdlib_h=yes
ac_cv_header_string_h=yes
ac_cv_header_strings_h=yes
ac_cv_header_sys_socket_h=yes
ac_cv_header_sys_stat_h=yes
ac_cv_header_sys_time_h=yes
ac_cv_header_sys_types_h=yes
ac_cv_header_unistd_h=yes
ac_cv_header_vfork_h=no
ac_cv_host=x86_64-unknown-linux-gnu
ac_cv_lib_dl_dlopen=yes
ac_cv_lib_dld_shl_load=no
ac_cv_objext=o
ac_cv_path_EGREP='/bin/grep -E'
ac_cv_path_FGREP='/bin/grep -F'
ac_cv_path_GREP=/bin/grep
ac_cv_path_SED=/bin/sed
ac_cv_path_install='/usr/bin/install -c'
ac_cv_path_mkdir=/bin/mkdir
ac_cv_prog_AWK=gawk
ac_cv_prog_CPP='gcc -E'
ac_cv_prog_ac_ct_AR=ar
ac_cv_prog_ac_ct_CC=gcc
ac_cv_prog_ac_ct_DLLTOOL=dlltool
ac_cv_prog_ac_ct_MANIFEST_TOOL=mt
ac_cv_prog_ac_ct_OBJDUMP=objdump
ac_cv_prog_ac_ct_RANLIB=ranlib
ac_cv_prog_ac_ct_STRIP=strip
ac_cv_prog_cc_c89=
ac_cv_prog_cc_g=yes
ac_cv_prog_cc_gcc_c_o=yes
ac_cv_prog_make_make_set=yes
ac_cv_safe_to_define___extensions__=yes
ac_cv_type_pid_t=yes
ac_cv_type_size_t=yes
am_cv_CC_dependencies_compiler_type=gcc3
lt_cv_ar_at_file=@
lt_cv_archive_cmds_need_lc=no
lt_cv_deplibs_check_method=pass_all
lt_cv_dlopen=dlopen
lt_cv_dlopen_libs=-ldl
lt_cv_dlopen_self=yes
lt_cv_dlopen_self_static=no
lt_cv_file_magic_cmd='$MAGIC_CMD'
lt_cv_file_magic_test_file=
lt_cv_ld_reload_flag=-r
lt_cv_nm_interface='BSD nm'
lt_cv_objdir=.libs
lt_cv_path_LD=/usr/bin/ld
lt_cv_path_NM='/usr/bin/nm -B'
lt_cv_path_mainfest_tool=no
lt_cv_prog_compiler_c_o=yes
lt_cv_prog_compiler_pic='-fPIC -DPIC'
lt_cv_prog_compiler_pic_works=yes
lt_cv_prog_compiler_rtti_exceptions=no
lt_cv_prog_compiler_static_works=yes
lt_cv_prog_gnu_ld=yes
lt_cv_sharedlib_from_linklib_cmd='printf %s\n'
lt_cv_shlibpath_overrides_runpath=no
lt_cv_sys_global_symbol_pipe='sed -n -e '\''s/^.*[	 ]\([ABCDGIRSTW][ABCDGIRSTW]*\)[	 ][	 ]*\([_A-Za-z][_A-Za-z0-9]*\)$/\1 \2 \2/p'\'' | sed '\''/ __gnu_lto/d'\'''
lt_cv_sys_global_symbol_to_c_name_address='sed -n -e '\''s/^: \([^ ]*\)[ ]*$/  {\"\1\", (void *) 0},/p'\'' -e '\''s/^[ABCDGIRSTW]* \([^ ]*\) \([^ ]*\)$/  {"\2", (void *) \&\2},/p'\'''
lt_cv_sys_global_symbol_to_c_name_address_lib_prefix='sed -n -e '\''s/^: \([^ ]*\)[ ]*$/  {\"\1\", (void *) 0},/p'\'' -e '\''s/^[ABCDGIRSTW]* \([^ ]*\) \(lib[^ ]*\)$/  {"\2", (void *) \&\2},/p'\'' -e '\''s/^[ABCDGIRSTW]* \([^ ]*\) \([^ ]*\)$/  {"lib\2", (void *) \&\2},/p'\'''
lt_cv_sys_global_symbol_to_cdecl='sed -n -e '\''s/^T .* \(.*\)$/extern int \1();/p'\'' -e '\''s/^[ABCDGIRSTW]* .* \(.*\)$/extern char \1;/p'\'''
lt_cv_sys_max_cmd_len=1572864
lt_cv_to_host_file_cmd=func_convert_file_noop
lt_cv_to_tool_file_cmd=func_convert_file_noop

## ----------------- ##
## Output variables. ##
## ----------------- ##

ACLOCAL='${SHELL} /zorus/build/squidclamav-6.16/missing --run aclocal-1.11'
ADDITONAL_LIB=''
AMDEPBACKSLASH='\'
AMDEP_FALSE='#'
AMDEP_TRUE=''
AMTAR='$${TAR-tar}'
AR='ar'
AS='as'
AUTOCONF='${SHELL} /zorus/build/squidclamav-6.16/missing --run autoconf'
AUTOHEADER='${SHELL} /zorus/build/squidclamav-6.16/missing --run autoheader'
AUTOMAKE='${SHELL} /zorus/build/squidclamav-6.16/missing --run automake-1.11'
AWK='gawk'
CC='gcc'
CCDEPMODE='depmode=gcc3'
CFGDIR='/etc'
CFLAGS='-g -O2 -Wall -fvisibility=hidden -DCI_BUILD_MODULE -D_REENTRANT -g -O2 -fstack-protector-strong -Wformat -Werror=format-security -Wall -Wall -D_FILE_OFFSET_BITS=64 -I/usr/include -I/usr/include/c_icap'
CICAPMODULESDIR_FALSE='#'
CICAPMODULESDIR_TRUE=''
CONFDIR='/etc/c-icap/'
CPP='gcc -E'
CPPFLAGS=''
CYGPATH_W='echo'
DATADIR='/usr/share/c_icap/'
DEFS='-DHAVE_CONFIG_H'
DEPDIR='.deps'
DLLTOOL='dlltool'
DSYMUTIL=''
DUMPBIN=''
ECHO_C=''
ECHO_N='-n'
ECHO_T=''
EGREP='/bin/grep -E'
EXEEXT=''
FGREP='/bin/grep -F'
GREP='/bin/grep'
HAVE_HASALLDATA=''
HAVE_TEMPLATE='-DHAVE_CICAP_TEMPLATE'
INSTALL_DATA='${INSTALL} -m 644'
INSTALL_PROGRAM='${INSTALL}'
INSTALL_SCRIPT='${INSTALL}'
INSTALL_STRIP_PROGRAM='$(install_sh) -c -s'
LD='/usr/bin/ld -m elf_x86_64'
LDFLAGS=''
LIBOBJS=''
LIBS=''
LIBTOOL='$(SHELL) $(top_builddir)/libtool'
LIBTOOL_DEPS='./ltmain.sh'
LIPO=''
LN_S='ln -s'
LTLIBOBJS=''
MAINT='#'
MAINTAINER_MODE_FALSE=''
MAINTAINER_MODE_TRUE='#'
MAKEINFO='${SHELL} /zorus/build/squidclamav-6.16/missing --run makeinfo'
MANIFEST_TOOL=':'
MKDIR_P='/bin/mkdir -p'
MODSDIR='/usr/lib/x86_64-linux-gnu/c_icap/'
MODULES_LIBADD=''
NM='/usr/bin/nm -B'
NMEDIT=''
OBJDUMP='objdump'
OBJEXT='o'
OTOOL64=''
OTOOL=''
PACKAGE='squidclamav'
PACKAGE_BUGREPORT='http://squidclamav.darold.net/'
PACKAGE_NAME='SquidClamav'
PACKAGE_STRING='SquidClamav 6.16'
PACKAGE_TARNAME='squidclamav'
PACKAGE_URL=''
PACKAGE_VERSION='6.16'
PATH_SEPARATOR=':'
RANLIB='ranlib'
SED='/bin/sed'
SET_MAKE=''
SHELL='/bin/bash'
STRIP='strip'
USEBDB_FALSE='#'
USEBDB_TRUE=''
USECLAMAV_FALSE='#'
USECLAMAV_TRUE=''
USE_VSCAN_PROFILES_FALSE='#'
USE_VSCAN_PROFILES_TRUE=''
UTILITIES_CFLAGS='-D_REENTRANT -g -O2 -fstack-protector-strong -Wformat -Werror=format-security -Wall -Wall -D_FILE_OFFSET_BITS=64 -I/usr/include -I/usr/include/c_icap'
UTILITIES_LIBADD='-L/usr/lib/x86_64-linux-gnu/ -licapapi'
VERSION='6.16'
ac_ct_AR='ar'
ac_ct_CC='gcc'
ac_ct_DUMPBIN=''
am__EXEEXT_FALSE=''
am__EXEEXT_TRUE='#'
am__fastdepCC_FALSE='#'
am__fastdepCC_TRUE=''
am__include='include'
am__isrc=''
am__leading_dot='.'
am__nodep='_no'
am__quote=''
am__tar='$${TAR-tar} chof - "$$tardir"'
am__untar='$${TAR-tar} xf -'
bindir='${exec_prefix}/bin'
build='x86_64-unknown-linux-gnu'
build_alias=''
build_cpu='x86_64'
build_os='linux-gnu'
build_vendor='unknown'
datadir='${datarootdir}'
datarootdir='${prefix}/share'
docdir='${datarootdir}/doc/${PACKAGE_TARNAME}'
dvidir='${docdir}'
exec_prefix='${prefix}'
host='x86_64-unknown-linux-gnu'
host_alias=''
host_cpu='x86_64'
host_os='linux-gnu'
host_vendor='unknown'
htmldir='${docdir}'
includedir='${prefix}/include'
infodir='${datarootdir}/info'
install_sh='${SHELL} /zorus/build/squidclamav-6.16/install-sh'
libdir='${exec_prefix}/lib'
libexecdir='${exec_prefix}/libexec'
localedir='${datarootdir}/locale'
localstatedir='${prefix}/var'
mandir='${datarootdir}/man'
mkdir_p='/bin/mkdir -p'
oldincludedir='/usr/include'
pdfdir='${docdir}'
prefix='/usr/local'
program_transform_name='s,x,x,'
psdir='${docdir}'
sbindir='${exec_prefix}/sbin'
sharedstatedir='${prefix}/com'
sysconfdir='${prefix}/etc'
target_alias=''

## ----------- ##
## confdefs.h. ##
## ----------- ##

/* confdefs.h */
#define PACKAGE_NAME "SquidClamav"
#define PACKAGE_TARNAME "squidclamav"
#define PACKAGE_VERSION "6.16"
#define PACKAGE_STRING "SquidClamav 6.16"
#define PACKAGE_BUGREPORT "http://squidclamav.darold.net/"
#define PACKAGE_URL ""
#define PACKAGE "squidclamav"
#define VERSION "6.16"
#define STDC_HEADERS 1
#define HAVE_SYS_TYPES_H 1
#define HAVE_SYS_STAT_H 1
#define HAVE_STDLIB_H 1
#define HAVE_STRING_H 1
#define HAVE_MEMORY_H 1
#define HAVE_STRINGS_H 1
#define HAVE_INTTYPES_H 1
#define HAVE_STDINT_H 1
#define HAVE_UNISTD_H 1
#define HAVE_DLFCN_H 1
#define LT_OBJDIR ".libs/"
#define __EXTENSIONS__ 1
#define _ALL_SOURCE 1
#define _GNU_SOURCE 1
#define _POSIX_PTHREAD_SEMANTICS 1
#define _TANDEM_SOURCE 1
#define HAVE_CICAP_TEMPLATE 1
#define HAVE_FD_PASSING 1
#define STDC_HEADERS 1
#define HAVE_ARPA_INET_H 1
#define HAVE_FCNTL_H 1
#define HAVE_CTYPE_H 1
#define HAVE_NETDB_H 1
#define HAVE_NETINET_IN_H 1
#define HAVE_STDLIB_H 1
#define HAVE_STRING_H 1
#define HAVE_SYS_SOCKET_H 1
#define HAVE_SYS_TIME_H 1
#define HAVE_UNISTD_H 1
#define HAVE_REGEX_H 1
#define HAVE_SIGNAL_H 1
#define HAVE_FORK 1
#define HAVE_VFORK 1
#define HAVE_WORKING_VFORK 1
#define HAVE_WORKING_FORK 1
#define LSTAT_FOLLOWS_SLASHED_SYMLINK 1
#define HAVE_STDLIB_H 1
#define HAVE_MALLOC 1
#define HAVE_STDLIB_H 1
#define HAVE_REALLOC 1
#define HAVE_DUP2 1
#define HAVE_GETTIMEOFDAY 1
#define HAVE_MEMCHR 1
#define HAVE_MEMSET 1
#define HAVE_REGCOMP 1
#define HAVE_REGEXEC 1
#define HAVE_REGFREE 1
#define HAVE_SOCKET 1
#define HAVE_STRDUP 1
#define HAVE_STRERROR 1
#define HAVE_STRSPN 1
#define HAVE_STRSTR 1

configure: exit 0
